<?xml version="1.0" encoding="UTF-8"?>
<!-- Generated by org.testng.reporters.JUnitReportReporter -->
<testsuite skipped="0" hostname="DESKTOP-E93L1TT" name="com.user.info.user_info" tests="10" failures="0" timestamp="02 Sep 2020 16:34:15 GMT" time="3.448" errors="0">
  <testcase name="user_name" time="0.015" classname="com.user.info.user_info"/>
  <testcase name="session_id" time="0.002" classname="com.user.info.user_info"/>
  <testcase name="last_session" time="0.002" classname="com.user.info.user_info"/>
  <testcase name="marks_student" time="0.353" classname="com.user.info.user_info"/>
  <testcase name="ssecond_state_value_student" time="0.009" classname="com.user.info.user_info"/>
  <testcase name="second_contact_student" time="0.005" classname="com.user.info.user_info"/>
  <testcase name="second_student_city" time="0.005" classname="com.user.info.user_info"/>
  <testcase name="contact_all_student" time="0.009" classname="com.user.info.user_info"/>
  <testcase name="address_1_student" time="0.004" classname="com.user.info.user_info"/>
  <testcase name="userId_7_check" time="3.044" classname="com.user.info.user_info"/>
</testsuite> <!-- com.user.info.user_info -->
